Active-HDL 9.3.2744.4995  2016-08-27 11:47:50

Elaboration top modules:
Verilog Module                MAC_tb
SystemVerilog Package         MAC_PKG


-------------------------------------------------------------------------------------------------
Verilog Module          | Library | Info | Compiler Version         | Compilation Options
-------------------------------------------------------------------------------------------------
MAC_tb                  | mac     |      | 9.3.2744.4995  (Windows) | -l MAC -O2 -l COOLRUNNERII
MAC                     | mac     |      | 9.3.2744.4995  (Windows) | -l MAC -O2 -l COOLRUNNERII
-------------------------------------------------------------------------------------------------

-------------------------------------------------------------------------------------------------
SystemVerilog Package   | Library | Info | Compiler Version         | Compilation Options
-------------------------------------------------------------------------------------------------
MAC_PKG                 | mac     |      | 9.3.2744.4995  (Windows) | -l MAC -O2 -l COOLRUNNERII
-------------------------------------------------------------------------------------------------

-------------------------------------------------------------------------------------------------
Library                 | Comment
-------------------------------------------------------------------------------------------------
mac                     | None
-------------------------------------------------------------------------------------------------


Simulation Options: asim +access +r -advdataflow MAC_tb

